Arguments: 
  C:\Program Files\nodejs\node.exe C:\Users\ericj\AppData\Roaming\npm\node_modules\yarn\bin\yarn.js install

PATH: 
  C:\Program Files (x86)\Razer\ChromaBroadcast\bin;C:\Program Files\Razer\ChromaBroadcast\bin;C:\Program Files\Common Files\Oracle\Java\javapath;C:\WINDOWS\system32;C:\WINDOWS;C:\WINDOWS\System32\Wbem;C:\WINDOWS\System32\WindowsPowerShell\v1.0\;C:\WINDOWS\System32\OpenSSH\;C:\WINDOWS\system32\config\systemprofile\AppData\Local\Microsoft\WindowsApps;C:\Program Files\dotnet\;C:\WINDOWS\system32;C:\WINDOWS;C:\WINDOWS\System32\Wbem;C:\WINDOWS\System32\WindowsPowerShell\v1.0\;C:\WINDOWS\System32\OpenSSH\;C:\Program Files\Git\cmd;C:\Users\ericj\AppData\Roaming\nvm;C:\Program Files\nodejs;C:\Program Files (x86)\Common Files\Intel\Shared Libraries\redist\intel64_win\compiler;C:\Users\ericj\AppData\Local\Microsoft\WindowsApps;C:\Users\ericj\AppData\Local\Programs\Microsoft VS Code\bin;C:\Users\ericj\AppData\Local\GitHubDesktop\bin;C:\Users\ericj\AppData\Roaming\npm;C:\Users\ericj\AppData\Roaming\nvm;C:\Program Files\nodejs

Yarn version: 
  1.22.19

Node version: 
  18.13.0

Platform: 
  win32 x64

Trace: 
  Error: https://registry.npmjs.org/@lrnwebcomponents%2fsimple-icon-button: Not found
      at params.callback [as _callback] (C:\Users\ericj\AppData\Roaming\npm\node_modules\yarn\lib\cli.js:66145:18)
      at self.callback (C:\Users\ericj\AppData\Roaming\npm\node_modules\yarn\lib\cli.js:140890:22)
      at Request.emit (node:events:513:28)
      at Request.<anonymous> (C:\Users\ericj\AppData\Roaming\npm\node_modules\yarn\lib\cli.js:141862:10)
      at Request.emit (node:events:513:28)
      at IncomingMessage.<anonymous> (C:\Users\ericj\AppData\Roaming\npm\node_modules\yarn\lib\cli.js:141784:12)
      at Object.onceWrapper (node:events:627:28)
      at IncomingMessage.emit (node:events:525:35)
      at endReadableNT (node:internal/streams/readable:1359:12)
      at process.processTicksAndRejections (node:internal/process/task_queues:82:21)

npm manifest: 
  {
    "name": "collapse-card",
    "description": "Webcomponent collapse-card following open-wc recommendations",
    "license": "MIT",
    "author": "collapse-card",
    "version": "0.0.0",
    "type": "module",
    "scripts": {
      "test": "web-test-runner --coverage",
      "test:watch": "web-test-runner --watch",
      "storybook": "npm run analyze -- --exclude dist && web-dev-server -c .storybook/server.mjs",
      "storybook:build": "npm run analyze -- --exclude dist && build-storybook",
      "build": "rimraf dist && rollup -c rollup.config.js && npm run analyze -- --exclude dist",
      "start:build": "web-dev-server --root-dir dist --app-index index.html --open",
      "analyze": "cem analyze --litelement",
      "start": "web-dev-server"
    },
    "dependencies": {
      "@lrnwebcomponents/simple-icon": "^4.2.0",
      "@lrnwebcomponents/simple-icon-button": "^4.2.0",
      "lit": "^2.0.2"
    },
    "devDependencies": {
      "esbuild": "^0.17.8",
      "rollup-plugin-copy": "^3.4.0",
      "@babel/preset-env": "^7.16.4",
      "@custom-elements-manifest/analyzer": "^0.4.17",
      "@open-wc/building-rollup": "^2.0.2",
      "@open-wc/testing": "^3.1.6",
      "@rollup/plugin-babel": "^5.3.0",
      "@rollup/plugin-node-resolve": "^13.0.6",
      "@web/dev-server": "^0.1.34",
      "@web/dev-server-storybook": "^0.5.4",
      "@web/rollup-plugin-html": "^1.11.0",
      "@web/rollup-plugin-import-meta-assets": "^1.0.7",
      "@web/test-runner": "^0.14.0",
      "babel-plugin-template-html-minifier": "^4.1.0",
      "deepmerge": "^4.2.2",
      "rimraf": "^3.0.2",
      "rollup": "^2.60.0",
      "rollup-plugin-esbuild": "^5.0.0",
      "rollup-plugin-workbox": "^6.2.0"
    },
    "customElements": "custom-elements.json"
  }

yarn manifest: 
  No manifest

Lockfile: 
  No lockfile
